<?xml version="1.0" encoding="UTF-8"?>
<!-- Generated by org.testng.reporters.JUnitReportReporter -->
<testsuite skipped="0" hostname="PC-" name="selenium.SelenTest" tests="1" failures="0" timestamp="2020-07-14T21:19:20 CEST" time="6.566" errors="0">
  <testcase name="testSelenium" time="6.566" classname="selenium.SelenTest"/>
  <system-out/>
</testsuite> <!-- selenium.SelenTest -->
